<?xml version="1.0" encoding="UTF-8"?>
<coverage generated="1700728038225" clover="3.2.0">
  <project timestamp="1700728038225" name="All files">
    <metrics statements="111" coveredstatements="111" conditionals="33" coveredconditionals="32" methods="2" coveredmethods="2" elements="146" coveredelements="145" complexity="0" loc="111" ncloc="111" packages="1" files="2" classes="2"/>
    <file name="array.is-unique.ts" path="/Users/zhouxitao/Documents/projects/mine/allbox/src/array.is-unique.ts">
      <metrics statements="9" coveredstatements="9" conditionals="1" coveredconditionals="1" methods="1" coveredmethods="1"/>
      <line num="1" count="1" type="stmt"/>
      <line num="2" count="1" type="stmt"/>
      <line num="3" count="1" type="stmt"/>
      <line num="4" count="1" type="stmt"/>
      <line num="5" count="107" type="cond" truecount="1" falsecount="0"/>
      <line num="6" count="107" type="stmt"/>
      <line num="7" count="107" type="stmt"/>
      <line num="8" count="1" type="stmt"/>
      <line num="9" count="1" type="stmt"/>
    </file>
    <file name="number.base-convert.ts" path="/Users/zhouxitao/Documents/projects/mine/allbox/src/number.base-convert.ts">
      <metrics statements="102" coveredstatements="102" conditionals="32" coveredconditionals="31" methods="1" coveredmethods="1"/>
      <line num="1" count="1" type="stmt"/>
      <line num="2" count="1" type="stmt"/>
      <line num="3" count="1" type="stmt"/>
      <line num="4" count="1" type="stmt"/>
      <line num="5" count="1" type="stmt"/>
      <line num="6" count="1" type="stmt"/>
      <line num="7" count="1" type="stmt"/>
      <line num="8" count="1" type="stmt"/>
      <line num="9" count="55" type="cond" truecount="1" falsecount="0"/>
      <line num="10" count="55" type="stmt"/>
      <line num="11" count="55" type="cond" truecount="1" falsecount="0"/>
      <line num="12" count="1" type="stmt"/>
      <line num="13" count="1" type="stmt"/>
      <line num="14" count="55" type="cond" truecount="2" falsecount="0"/>
      <line num="15" count="1" type="stmt"/>
      <line num="16" count="1" type="stmt"/>
      <line num="17" count="55" type="cond" truecount="2" falsecount="0"/>
      <line num="18" count="1" type="stmt"/>
      <line num="19" count="1" type="stmt"/>
      <line num="20" count="52" type="cond" truecount="1" falsecount="0"/>
      <line num="21" count="52" type="stmt"/>
      <line num="22" count="55" type="cond" truecount="1" falsecount="0"/>
      <line num="23" count="1" type="stmt"/>
      <line num="24" count="1" type="stmt"/>
      <line num="25" count="55" type="cond" truecount="3" falsecount="0"/>
      <line num="26" count="1" type="stmt"/>
      <line num="27" count="1" type="stmt"/>
      <line num="28" count="50" type="cond" truecount="1" falsecount="0"/>
      <line num="29" count="50" type="stmt"/>
      <line num="30" count="50" type="cond" truecount="1" falsecount="0"/>
      <line num="31" count="55" type="cond" truecount="0" falsecount="1"/>
      <line num="32" count="50" type="cond" truecount="1" falsecount="0"/>
      <line num="33" count="50" type="stmt"/>
      <line num="34" count="50" type="stmt"/>
      <line num="35" count="50" type="stmt"/>
      <line num="36" count="50" type="stmt"/>
      <line num="37" count="50" type="stmt"/>
      <line num="38" count="55" type="cond" truecount="1" falsecount="0"/>
      <line num="39" count="700" type="stmt"/>
      <line num="40" count="700" type="stmt"/>
      <line num="41" count="50" type="cond" truecount="1" falsecount="0"/>
      <line num="42" count="50" type="stmt"/>
      <line num="43" count="50" type="stmt"/>
      <line num="44" count="50" type="stmt"/>
      <line num="45" count="50" type="stmt"/>
      <line num="46" count="50" type="stmt"/>
      <line num="47" count="50" type="stmt"/>
      <line num="48" count="55" type="cond" truecount="1" falsecount="0"/>
      <line num="49" count="176" type="stmt"/>
      <line num="50" count="176" type="stmt"/>
      <line num="51" count="176" type="stmt"/>
      <line num="52" count="55" type="cond" truecount="2" falsecount="0"/>
      <line num="53" count="157" type="stmt"/>
      <line num="54" count="157" type="stmt"/>
      <line num="55" count="157" type="stmt"/>
      <line num="56" count="50" type="cond" truecount="1" falsecount="0"/>
      <line num="57" count="50" type="stmt"/>
      <line num="58" count="55" type="cond" truecount="1" falsecount="0"/>
      <line num="59" count="10" type="stmt"/>
      <line num="60" count="10" type="stmt"/>
      <line num="61" count="50" type="cond" truecount="1" falsecount="0"/>
      <line num="62" count="50" type="stmt"/>
      <line num="63" count="50" type="stmt"/>
      <line num="64" count="50" type="stmt"/>
      <line num="65" count="50" type="stmt"/>
      <line num="66" count="50" type="stmt"/>
      <line num="67" count="50" type="stmt"/>
      <line num="68" count="50" type="stmt"/>
      <line num="69" count="50" type="stmt"/>
      <line num="70" count="55" type="cond" truecount="1" falsecount="0"/>
      <line num="71" count="10" type="stmt"/>
      <line num="72" count="10" type="stmt"/>
      <line num="73" count="10" type="stmt"/>
      <line num="74" count="10" type="stmt"/>
      <line num="75" count="10" type="cond" truecount="1" falsecount="0"/>
      <line num="76" count="66" type="stmt"/>
      <line num="77" count="66" type="stmt"/>
      <line num="78" count="10" type="stmt"/>
      <line num="79" count="10" type="cond" truecount="1" falsecount="0"/>
      <line num="80" count="66" type="stmt"/>
      <line num="81" count="66" type="stmt"/>
      <line num="82" count="66" type="stmt"/>
      <line num="83" count="10" type="cond" truecount="1" falsecount="0"/>
      <line num="84" count="168" type="cond" truecount="1" falsecount="0"/>
      <line num="85" count="3" type="stmt"/>
      <line num="86" count="3" type="stmt"/>
      <line num="87" count="165" type="cond" truecount="1" falsecount="0"/>
      <line num="88" count="165" type="stmt"/>
      <line num="89" count="165" type="stmt"/>
      <line num="90" count="165" type="stmt"/>
      <line num="91" count="10" type="stmt"/>
      <line num="92" count="10" type="cond" truecount="2" falsecount="0"/>
      <line num="93" count="1" type="stmt"/>
      <line num="94" count="1" type="stmt"/>
      <line num="95" count="10" type="stmt"/>
      <line num="96" count="10" type="stmt"/>
      <line num="97" count="10" type="stmt"/>
      <line num="98" count="10" type="stmt"/>
      <line num="99" count="50" type="cond" truecount="1" falsecount="0"/>
      <line num="100" count="50" type="stmt"/>
      <line num="101" count="1" type="stmt"/>
      <line num="102" count="1" type="stmt"/>
    </file>
  </project>
</coverage>
