{"/config/workspace/projects/allbox/src/array.random-swap.ts": {"path":"/config/workspace/projects/allbox/src/array.random-swap.ts","all":false,"statementMap":{"0":{"start":{"line":1,"column":0},"end":{"line":1,"column":31}},"1":{"start":{"line":2,"column":0},"end":{"line":2,"column":48}},"2":{"start":{"line":3,"column":0},"end":{"line":3,"column":0}},"3":{"start":{"line":4,"column":0},"end":{"line":4,"column":3}},"4":{"start":{"line":5,"column":0},"end":{"line":5,"column":14}},"5":{"start":{"line":6,"column":0},"end":{"line":6,"column":23}},"6":{"start":{"line":7,"column":0},"end":{"line":7,"column":91}},"7":{"start":{"line":8,"column":0},"end":{"line":8,"column":123}},"8":{"start":{"line":9,"column":0},"end":{"line":9,"column":19}},"9":{"start":{"line":10,"column":0},"end":{"line":10,"column":3}},"10":{"start":{"line":11,"column":0},"end":{"line":11,"column":82}},"11":{"start":{"line":12,"column":0},"end":{"line":12,"column":59}},"12":{"start":{"line":13,"column":0},"end":{"line":13,"column":16}},"13":{"start":{"line":14,"column":0},"end":{"line":14,"column":3}},"14":{"start":{"line":15,"column":0},"end":{"line":15,"column":64}},"15":{"start":{"line":16,"column":0},"end":{"line":16,"column":18}},"16":{"start":{"line":17,"column":0},"end":{"line":17,"column":3}},"17":{"start":{"line":18,"column":0},"end":{"line":18,"column":71}},"18":{"start":{"line":19,"column":0},"end":{"line":19,"column":27}},"19":{"start":{"line":20,"column":0},"end":{"line":20,"column":3}},"20":{"start":{"line":21,"column":0},"end":{"line":21,"column":0}},"21":{"start":{"line":22,"column":0},"end":{"line":22,"column":66}},"22":{"start":{"line":23,"column":0},"end":{"line":23,"column":59}},"23":{"start":{"line":24,"column":0},"end":{"line":24,"column":59}},"24":{"start":{"line":25,"column":0},"end":{"line":25,"column":31}},"25":{"start":{"line":26,"column":0},"end":{"line":26,"column":3}},"26":{"start":{"line":27,"column":0},"end":{"line":27,"column":14}},"27":{"start":{"line":28,"column":0},"end":{"line":28,"column":1}},"28":{"start":{"line":29,"column":0},"end":{"line":29,"column":0}},"29":{"start":{"line":30,"column":0},"end":{"line":30,"column":25}}},"s":{"0":1,"1":1,"2":1,"3":1,"4":1,"5":1,"6":1,"7":1,"8":1,"9":1,"10":5,"11":5,"12":2,"13":2,"14":5,"15":2,"16":2,"17":5,"18":2,"19":2,"20":3,"21":5,"22":18,"23":18,"24":18,"25":18,"26":3,"27":3,"28":1,"29":1},"branchMap":{"0":{"type":"branch","line":11,"loc":{"start":{"line":11,"column":0},"end":{"line":28,"column":1}},"locations":[{"start":{"line":11,"column":0},"end":{"line":28,"column":1}}]},"1":{"type":"branch","line":12,"loc":{"start":{"line":12,"column":36},"end":{"line":12,"column":56}},"locations":[{"start":{"line":12,"column":36},"end":{"line":12,"column":56}}]},"2":{"type":"branch","line":12,"loc":{"start":{"line":12,"column":58},"end":{"line":14,"column":3}},"locations":[{"start":{"line":12,"column":58},"end":{"line":14,"column":3}}]},"3":{"type":"branch","line":15,"loc":{"start":{"line":15,"column":-1},"end":{"line":15,"column":46}},"locations":[{"start":{"line":15,"column":-1},"end":{"line":15,"column":46}}]},"4":{"type":"branch","line":15,"loc":{"start":{"line":15,"column":42},"end":{"line":15,"column":61}},"locations":[{"start":{"line":15,"column":42},"end":{"line":15,"column":61}}]},"5":{"type":"branch","line":15,"loc":{"start":{"line":15,"column":63},"end":{"line":17,"column":3}},"locations":[{"start":{"line":15,"column":63},"end":{"line":17,"column":3}}]},"6":{"type":"branch","line":18,"loc":{"start":{"line":18,"column":-1},"end":{"line":18,"column":44}},"locations":[{"start":{"line":18,"column":-1},"end":{"line":18,"column":44}}]},"7":{"type":"branch","line":18,"loc":{"start":{"line":18,"column":40},"end":{"line":18,"column":68}},"locations":[{"start":{"line":18,"column":40},"end":{"line":18,"column":68}}]},"8":{"type":"branch","line":18,"loc":{"start":{"line":18,"column":70},"end":{"line":20,"column":3}},"locations":[{"start":{"line":18,"column":70},"end":{"line":20,"column":3}}]},"9":{"type":"branch","line":21,"loc":{"start":{"line":21,"column":-1},"end":{"line":22,"column":65}},"locations":[{"start":{"line":21,"column":-1},"end":{"line":22,"column":65}}]},"10":{"type":"branch","line":22,"loc":{"start":{"line":22,"column":65},"end":{"line":26,"column":3}},"locations":[{"start":{"line":22,"column":65},"end":{"line":26,"column":3}}]},"11":{"type":"branch","line":27,"loc":{"start":{"line":27,"column":-1},"end":{"line":28,"column":1}},"locations":[{"start":{"line":27,"column":-1},"end":{"line":28,"column":1}}]}},"b":{"0":[5],"1":[4],"2":[2],"3":[3],"4":[2],"5":[2],"6":[3],"7":[2],"8":[2],"9":[3],"10":[18],"11":[3]},"fnMap":{"0":{"name":"randomSwap","decl":{"start":{"line":11,"column":0},"end":{"line":28,"column":1}},"loc":{"start":{"line":11,"column":0},"end":{"line":28,"column":1}},"line":11}},"f":{"0":5}}
,"/config/workspace/projects/allbox/src/array.swap.ts": {"path":"/config/workspace/projects/allbox/src/array.swap.ts","all":false,"statementMap":{"0":{"start":{"line":1,"column":0},"end":{"line":1,"column":3}},"1":{"start":{"line":2,"column":0},"end":{"line":2,"column":23}},"2":{"start":{"line":3,"column":0},"end":{"line":3,"column":25}},"3":{"start":{"line":4,"column":0},"end":{"line":4,"column":25}},"4":{"start":{"line":5,"column":0},"end":{"line":5,"column":19}},"5":{"start":{"line":6,"column":0},"end":{"line":6,"column":3}},"6":{"start":{"line":7,"column":0},"end":{"line":7,"column":67}},"7":{"start":{"line":8,"column":0},"end":{"line":8,"column":28}},"8":{"start":{"line":9,"column":0},"end":{"line":9,"column":31}},"9":{"start":{"line":10,"column":0},"end":{"line":10,"column":22}},"10":{"start":{"line":11,"column":0},"end":{"line":11,"column":14}},"11":{"start":{"line":12,"column":0},"end":{"line":12,"column":1}},"12":{"start":{"line":13,"column":0},"end":{"line":13,"column":0}},"13":{"start":{"line":14,"column":0},"end":{"line":14,"column":19}}},"s":{"0":1,"1":1,"2":1,"3":1,"4":1,"5":1,"6":20,"7":20,"8":20,"9":20,"10":20,"11":20,"12":1,"13":1},"branchMap":{"0":{"type":"branch","line":7,"loc":{"start":{"line":7,"column":0},"end":{"line":12,"column":1}},"locations":[{"start":{"line":7,"column":0},"end":{"line":12,"column":1}}]}},"b":{"0":[20]},"fnMap":{"0":{"name":"swap","decl":{"start":{"line":7,"column":0},"end":{"line":12,"column":1}},"loc":{"start":{"line":7,"column":0},"end":{"line":12,"column":1}},"line":7}},"f":{"0":20}}
,"/config/workspace/projects/allbox/src/common.get-type-name.ts": {"path":"/config/workspace/projects/allbox/src/common.get-type-name.ts","all":false,"statementMap":{"0":{"start":{"line":1,"column":0},"end":{"line":1,"column":3}},"1":{"start":{"line":2,"column":0},"end":{"line":2,"column":21}},"2":{"start":{"line":3,"column":0},"end":{"line":3,"column":20}},"3":{"start":{"line":4,"column":0},"end":{"line":4,"column":31}},"4":{"start":{"line":5,"column":0},"end":{"line":5,"column":11}},"5":{"start":{"line":6,"column":0},"end":{"line":6,"column":29}},"6":{"start":{"line":7,"column":0},"end":{"line":7,"column":11}},"7":{"start":{"line":8,"column":0},"end":{"line":8,"column":36}},"8":{"start":{"line":9,"column":0},"end":{"line":9,"column":3}},"9":{"start":{"line":10,"column":0},"end":{"line":10,"column":42}},"10":{"start":{"line":11,"column":0},"end":{"line":11,"column":63}},"11":{"start":{"line":12,"column":0},"end":{"line":12,"column":26}},"12":{"start":{"line":13,"column":0},"end":{"line":13,"column":33}},"13":{"start":{"line":14,"column":0},"end":{"line":14,"column":3}},"14":{"start":{"line":15,"column":0},"end":{"line":15,"column":13}},"15":{"start":{"line":16,"column":0},"end":{"line":16,"column":1}},"16":{"start":{"line":17,"column":0},"end":{"line":17,"column":0}},"17":{"start":{"line":18,"column":0},"end":{"line":18,"column":26}}},"s":{"0":1,"1":1,"2":1,"3":1,"4":1,"5":1,"6":1,"7":1,"8":1,"9":32,"10":32,"11":32,"12":2,"13":2,"14":32,"15":32,"16":1,"17":1},"branchMap":{"0":{"type":"branch","line":10,"loc":{"start":{"line":10,"column":0},"end":{"line":16,"column":1}},"locations":[{"start":{"line":10,"column":0},"end":{"line":16,"column":1}}]},"1":{"type":"branch","line":12,"loc":{"start":{"line":12,"column":25},"end":{"line":14,"column":3}},"locations":[{"start":{"line":12,"column":25},"end":{"line":14,"column":3}}]}},"b":{"0":[32],"1":[2]},"fnMap":{"0":{"name":"getTypeName","decl":{"start":{"line":10,"column":0},"end":{"line":16,"column":1}},"loc":{"start":{"line":10,"column":0},"end":{"line":16,"column":1}},"line":10}},"f":{"0":32}}
,"/config/workspace/projects/allbox/src/string.camelize.ts": {"path":"/config/workspace/projects/allbox/src/string.camelize.ts","all":false,"statementMap":{"0":{"start":{"line":1,"column":0},"end":{"line":1,"column":27}},"1":{"start":{"line":2,"column":0},"end":{"line":2,"column":3}},"2":{"start":{"line":3,"column":0},"end":{"line":3,"column":22}},"3":{"start":{"line":4,"column":0},"end":{"line":4,"column":20}},"4":{"start":{"line":5,"column":0},"end":{"line":5,"column":3}},"5":{"start":{"line":6,"column":0},"end":{"line":6,"column":40}},"6":{"start":{"line":7,"column":0},"end":{"line":7,"column":68}},"7":{"start":{"line":8,"column":0},"end":{"line":8,"column":1}},"8":{"start":{"line":9,"column":0},"end":{"line":9,"column":0}},"9":{"start":{"line":10,"column":0},"end":{"line":10,"column":23}}},"s":{"0":1,"1":1,"2":1,"3":1,"4":1,"5":2,"6":2,"7":2,"8":1,"9":1},"branchMap":{"0":{"type":"branch","line":6,"loc":{"start":{"line":6,"column":0},"end":{"line":8,"column":1}},"locations":[{"start":{"line":6,"column":0},"end":{"line":8,"column":1}}]},"1":{"type":"branch","line":7,"loc":{"start":{"line":7,"column":33},"end":{"line":7,"column":67}},"locations":[{"start":{"line":7,"column":33},"end":{"line":7,"column":67}}]},"2":{"type":"branch","line":7,"loc":{"start":{"line":7,"column":63},"end":{"line":7,"column":67}},"locations":[{"start":{"line":7,"column":63},"end":{"line":7,"column":67}}]}},"b":{"0":[2],"1":[5],"2":[0]},"fnMap":{"0":{"name":"camelize","decl":{"start":{"line":6,"column":0},"end":{"line":8,"column":1}},"loc":{"start":{"line":6,"column":0},"end":{"line":8,"column":1}},"line":6}},"f":{"0":2}}
,"/config/workspace/projects/allbox/src/string.hyphenate.ts": {"path":"/config/workspace/projects/allbox/src/string.hyphenate.ts","all":false,"statementMap":{"0":{"start":{"line":1,"column":0},"end":{"line":1,"column":32}},"1":{"start":{"line":2,"column":0},"end":{"line":2,"column":3}},"2":{"start":{"line":3,"column":0},"end":{"line":3,"column":23}},"3":{"start":{"line":4,"column":0},"end":{"line":4,"column":20}},"4":{"start":{"line":5,"column":0},"end":{"line":5,"column":3}},"5":{"start":{"line":6,"column":0},"end":{"line":6,"column":51}},"6":{"start":{"line":7,"column":0},"end":{"line":7,"column":54}},"7":{"start":{"line":8,"column":0},"end":{"line":8,"column":1}},"8":{"start":{"line":9,"column":0},"end":{"line":9,"column":0}},"9":{"start":{"line":10,"column":0},"end":{"line":10,"column":24}}},"s":{"0":1,"1":1,"2":1,"3":1,"4":1,"5":1,"6":1,"7":1,"8":1,"9":1},"branchMap":{"0":{"type":"branch","line":6,"loc":{"start":{"line":6,"column":25},"end":{"line":8,"column":1}},"locations":[{"start":{"line":6,"column":25},"end":{"line":8,"column":1}}]}},"b":{"0":[1]},"fnMap":{"0":{"name":"hyphenate","decl":{"start":{"line":6,"column":25},"end":{"line":8,"column":1}},"loc":{"start":{"line":6,"column":25},"end":{"line":8,"column":1}},"line":6}},"f":{"0":1}}
}
