{"/Users/zhouxitao/Documents/projects/mine/allbox/src/array.is-unique.ts": {"path":"/Users/zhouxitao/Documents/projects/mine/allbox/src/array.is-unique.ts","all":false,"statementMap":{"0":{"start":{"line":1,"column":0},"end":{"line":1,"column":3}},"1":{"start":{"line":2,"column":0},"end":{"line":2,"column":48}},"2":{"start":{"line":3,"column":0},"end":{"line":3,"column":22}},"3":{"start":{"line":4,"column":0},"end":{"line":4,"column":3}},"4":{"start":{"line":5,"column":0},"end":{"line":5,"column":41}},"5":{"start":{"line":6,"column":0},"end":{"line":6,"column":48}},"6":{"start":{"line":7,"column":0},"end":{"line":7,"column":1}},"7":{"start":{"line":8,"column":0},"end":{"line":8,"column":0}},"8":{"start":{"line":9,"column":0},"end":{"line":9,"column":23}}},"s":{"0":1,"1":1,"2":1,"3":1,"4":107,"5":107,"6":107,"7":1,"8":1},"branchMap":{"0":{"type":"branch","line":5,"loc":{"start":{"line":5,"column":0},"end":{"line":7,"column":1}},"locations":[{"start":{"line":5,"column":0},"end":{"line":7,"column":1}}]}},"b":{"0":[107]},"fnMap":{"0":{"name":"isUnique","decl":{"start":{"line":5,"column":0},"end":{"line":7,"column":1}},"loc":{"start":{"line":5,"column":0},"end":{"line":7,"column":1}},"line":5}},"f":{"0":107}}
,"/Users/zhouxitao/Documents/projects/mine/allbox/src/number.base-convert.ts": {"path":"/Users/zhouxitao/Documents/projects/mine/allbox/src/number.base-convert.ts","all":false,"statementMap":{"0":{"start":{"line":1,"column":0},"end":{"line":1,"column":41}},"1":{"start":{"line":2,"column":0},"end":{"line":2,"column":3}},"2":{"start":{"line":3,"column":0},"end":{"line":3,"column":26}},"3":{"start":{"line":4,"column":0},"end":{"line":4,"column":80}},"4":{"start":{"line":5,"column":0},"end":{"line":5,"column":56}},"5":{"start":{"line":6,"column":0},"end":{"line":6,"column":85}},"6":{"start":{"line":7,"column":0},"end":{"line":7,"column":62}},"7":{"start":{"line":8,"column":0},"end":{"line":8,"column":3}},"8":{"start":{"line":9,"column":0},"end":{"line":9,"column":107}},"9":{"start":{"line":10,"column":0},"end":{"line":10,"column":17}},"10":{"start":{"line":11,"column":0},"end":{"line":11,"column":16}},"11":{"start":{"line":12,"column":0},"end":{"line":12,"column":13}},"12":{"start":{"line":13,"column":0},"end":{"line":13,"column":3}},"13":{"start":{"line":14,"column":0},"end":{"line":14,"column":31}},"14":{"start":{"line":15,"column":0},"end":{"line":15,"column":67}},"15":{"start":{"line":16,"column":0},"end":{"line":16,"column":3}},"16":{"start":{"line":17,"column":0},"end":{"line":17,"column":31}},"17":{"start":{"line":18,"column":0},"end":{"line":18,"column":67}},"18":{"start":{"line":19,"column":0},"end":{"line":19,"column":3}},"19":{"start":{"line":20,"column":0},"end":{"line":20,"column":57}},"20":{"start":{"line":21,"column":0},"end":{"line":21,"column":18}},"21":{"start":{"line":22,"column":0},"end":{"line":22,"column":26}},"22":{"start":{"line":23,"column":0},"end":{"line":23,"column":61}},"23":{"start":{"line":24,"column":0},"end":{"line":24,"column":3}},"24":{"start":{"line":25,"column":0},"end":{"line":25,"column":61}},"25":{"start":{"line":26,"column":0},"end":{"line":26,"column":63}},"26":{"start":{"line":27,"column":0},"end":{"line":27,"column":3}},"27":{"start":{"line":28,"column":0},"end":{"line":28,"column":12}},"28":{"start":{"line":29,"column":0},"end":{"line":29,"column":17}},"29":{"start":{"line":30,"column":0},"end":{"line":30,"column":52}},"30":{"start":{"line":31,"column":0},"end":{"line":31,"column":58}},"31":{"start":{"line":32,"column":0},"end":{"line":32,"column":20}},"32":{"start":{"line":33,"column":0},"end":{"line":33,"column":24}},"33":{"start":{"line":34,"column":0},"end":{"line":34,"column":23}},"34":{"start":{"line":35,"column":0},"end":{"line":35,"column":8}},"35":{"start":{"line":36,"column":0},"end":{"line":36,"column":41}},"36":{"start":{"line":37,"column":0},"end":{"line":37,"column":15}},"37":{"start":{"line":38,"column":0},"end":{"line":38,"column":51}},"38":{"start":{"line":39,"column":0},"end":{"line":39,"column":48}},"39":{"start":{"line":40,"column":0},"end":{"line":40,"column":3}},"40":{"start":{"line":41,"column":0},"end":{"line":41,"column":12}},"41":{"start":{"line":42,"column":0},"end":{"line":42,"column":35}},"42":{"start":{"line":43,"column":0},"end":{"line":43,"column":25}},"43":{"start":{"line":44,"column":0},"end":{"line":44,"column":47}},"44":{"start":{"line":45,"column":0},"end":{"line":45,"column":47}},"45":{"start":{"line":46,"column":0},"end":{"line":46,"column":20}},"46":{"start":{"line":47,"column":0},"end":{"line":47,"column":16}},"47":{"start":{"line":48,"column":0},"end":{"line":48,"column":54}},"48":{"start":{"line":49,"column":0},"end":{"line":49,"column":55}},"49":{"start":{"line":50,"column":0},"end":{"line":50,"column":23}},"50":{"start":{"line":51,"column":0},"end":{"line":51,"column":3}},"51":{"start":{"line":52,"column":0},"end":{"line":52,"column":28}},"52":{"start":{"line":53,"column":0},"end":{"line":53,"column":66}},"53":{"start":{"line":54,"column":0},"end":{"line":54,"column":27}},"54":{"start":{"line":55,"column":0},"end":{"line":55,"column":3}},"55":{"start":{"line":56,"column":0},"end":{"line":56,"column":42}},"56":{"start":{"line":57,"column":0},"end":{"line":57,"column":57}},"57":{"start":{"line":58,"column":0},"end":{"line":58,"column":16}},"58":{"start":{"line":59,"column":0},"end":{"line":59,"column":27}},"59":{"start":{"line":60,"column":0},"end":{"line":60,"column":3}},"60":{"start":{"line":61,"column":0},"end":{"line":61,"column":5}},"61":{"start":{"line":62,"column":0},"end":{"line":62,"column":12}},"62":{"start":{"line":63,"column":0},"end":{"line":63,"column":39}},"63":{"start":{"line":64,"column":0},"end":{"line":64,"column":49}},"64":{"start":{"line":65,"column":0},"end":{"line":65,"column":24}},"65":{"start":{"line":66,"column":0},"end":{"line":66,"column":41}},"66":{"start":{"line":67,"column":0},"end":{"line":67,"column":65}},"67":{"start":{"line":68,"column":0},"end":{"line":68,"column":9}},"68":{"start":{"line":69,"column":0},"end":{"line":69,"column":5}},"69":{"start":{"line":70,"column":0},"end":{"line":70,"column":21}},"70":{"start":{"line":71,"column":0},"end":{"line":71,"column":37}},"71":{"start":{"line":72,"column":0},"end":{"line":72,"column":27}},"72":{"start":{"line":73,"column":0},"end":{"line":73,"column":69}},"73":{"start":{"line":74,"column":0},"end":{"line":74,"column":27}},"74":{"start":{"line":75,"column":0},"end":{"line":75,"column":51}},"75":{"start":{"line":76,"column":0},"end":{"line":76,"column":29}},"76":{"start":{"line":77,"column":0},"end":{"line":77,"column":5}},"77":{"start":{"line":78,"column":0},"end":{"line":78,"column":28}},"78":{"start":{"line":79,"column":0},"end":{"line":79,"column":51}},"79":{"start":{"line":80,"column":0},"end":{"line":80,"column":35}},"80":{"start":{"line":81,"column":0},"end":{"line":81,"column":81}},"81":{"start":{"line":82,"column":0},"end":{"line":82,"column":5}},"82":{"start":{"line":83,"column":0},"end":{"line":83,"column":43}},"83":{"start":{"line":84,"column":0},"end":{"line":84,"column":29}},"84":{"start":{"line":85,"column":0},"end":{"line":85,"column":13}},"85":{"start":{"line":86,"column":0},"end":{"line":86,"column":7}},"86":{"start":{"line":87,"column":0},"end":{"line":87,"column":29}},"87":{"start":{"line":88,"column":0},"end":{"line":88,"column":67}},"88":{"start":{"line":89,"column":0},"end":{"line":89,"column":28}},"89":{"start":{"line":90,"column":0},"end":{"line":90,"column":5}},"90":{"start":{"line":91,"column":0},"end":{"line":91,"column":23}},"91":{"start":{"line":92,"column":0},"end":{"line":92,"column":93}},"92":{"start":{"line":93,"column":0},"end":{"line":93,"column":24}},"93":{"start":{"line":94,"column":0},"end":{"line":94,"column":5}},"94":{"start":{"line":95,"column":0},"end":{"line":95,"column":30}},"95":{"start":{"line":96,"column":0},"end":{"line":96,"column":51}},"96":{"start":{"line":97,"column":0},"end":{"line":97,"column":5}},"97":{"start":{"line":98,"column":0},"end":{"line":98,"column":3}},"98":{"start":{"line":99,"column":0},"end":{"line":99,"column":15}},"99":{"start":{"line":100,"column":0},"end":{"line":100,"column":1}},"100":{"start":{"line":101,"column":0},"end":{"line":101,"column":0}},"101":{"start":{"line":102,"column":0},"end":{"line":102,"column":26}}},"s":{"0":1,"1":1,"2":1,"3":1,"4":1,"5":1,"6":1,"7":1,"8":55,"9":55,"10":55,"11":1,"12":1,"13":55,"14":1,"15":1,"16":55,"17":1,"18":1,"19":52,"20":52,"21":55,"22":1,"23":1,"24":55,"25":1,"26":1,"27":50,"28":50,"29":50,"30":55,"31":50,"32":50,"33":50,"34":50,"35":50,"36":50,"37":55,"38":700,"39":700,"40":50,"41":50,"42":50,"43":50,"44":50,"45":50,"46":50,"47":55,"48":176,"49":176,"50":176,"51":55,"52":157,"53":157,"54":157,"55":50,"56":50,"57":55,"58":10,"59":10,"60":50,"61":50,"62":50,"63":50,"64":50,"65":50,"66":50,"67":50,"68":50,"69":55,"70":10,"71":10,"72":10,"73":10,"74":10,"75":66,"76":66,"77":10,"78":10,"79":66,"80":66,"81":66,"82":10,"83":168,"84":3,"85":3,"86":165,"87":165,"88":165,"89":165,"90":10,"91":10,"92":1,"93":1,"94":10,"95":10,"96":10,"97":10,"98":50,"99":50,"100":1,"101":1},"branchMap":{"0":{"type":"branch","line":9,"loc":{"start":{"line":9,"column":0},"end":{"line":100,"column":1}},"locations":[{"start":{"line":9,"column":0},"end":{"line":100,"column":1}}]},"1":{"type":"branch","line":11,"loc":{"start":{"line":11,"column":15},"end":{"line":13,"column":3}},"locations":[{"start":{"line":11,"column":15},"end":{"line":13,"column":3}}]},"2":{"type":"branch","line":14,"loc":{"start":{"line":14,"column":-1},"end":{"line":14,"column":30}},"locations":[{"start":{"line":14,"column":-1},"end":{"line":14,"column":30}}]},"3":{"type":"branch","line":14,"loc":{"start":{"line":14,"column":30},"end":{"line":16,"column":3}},"locations":[{"start":{"line":14,"column":30},"end":{"line":16,"column":3}}]},"4":{"type":"branch","line":17,"loc":{"start":{"line":17,"column":-1},"end":{"line":17,"column":30}},"locations":[{"start":{"line":17,"column":-1},"end":{"line":17,"column":30}}]},"5":{"type":"branch","line":17,"loc":{"start":{"line":17,"column":30},"end":{"line":19,"column":3}},"locations":[{"start":{"line":17,"column":30},"end":{"line":19,"column":3}}]},"6":{"type":"branch","line":20,"loc":{"start":{"line":20,"column":-1},"end":{"line":22,"column":25}},"locations":[{"start":{"line":20,"column":-1},"end":{"line":22,"column":25}}]},"7":{"type":"branch","line":22,"loc":{"start":{"line":22,"column":25},"end":{"line":24,"column":3}},"locations":[{"start":{"line":22,"column":25},"end":{"line":24,"column":3}}]},"8":{"type":"branch","line":25,"loc":{"start":{"line":25,"column":-1},"end":{"line":25,"column":60}},"locations":[{"start":{"line":25,"column":-1},"end":{"line":25,"column":60}}]},"9":{"type":"branch","line":25,"loc":{"start":{"line":25,"column":60},"end":{"line":27,"column":3}},"locations":[{"start":{"line":25,"column":60},"end":{"line":27,"column":3}}]},"10":{"type":"branch","line":28,"loc":{"start":{"line":28,"column":-1},"end":{"line":31,"column":43}},"locations":[{"start":{"line":28,"column":-1},"end":{"line":31,"column":43}}]},"11":{"type":"branch","line":31,"loc":{"start":{"line":31,"column":45},"end":{"line":31,"column":58}},"locations":[{"start":{"line":31,"column":45},"end":{"line":31,"column":58}}]},"12":{"type":"branch","line":32,"loc":{"start":{"line":32,"column":-1},"end":{"line":38,"column":50}},"locations":[{"start":{"line":32,"column":-1},"end":{"line":38,"column":50}}]},"13":{"type":"branch","line":38,"loc":{"start":{"line":38,"column":50},"end":{"line":40,"column":3}},"locations":[{"start":{"line":38,"column":50},"end":{"line":40,"column":3}}]},"14":{"type":"branch","line":41,"loc":{"start":{"line":41,"column":-1},"end":{"line":48,"column":53}},"locations":[{"start":{"line":41,"column":-1},"end":{"line":48,"column":53}}]},"15":{"type":"branch","line":48,"loc":{"start":{"line":48,"column":53},"end":{"line":51,"column":3}},"locations":[{"start":{"line":48,"column":53},"end":{"line":51,"column":3}}]},"16":{"type":"branch","line":52,"loc":{"start":{"line":52,"column":-1},"end":{"line":52,"column":27}},"locations":[{"start":{"line":52,"column":-1},"end":{"line":52,"column":27}}]},"17":{"type":"branch","line":52,"loc":{"start":{"line":52,"column":27},"end":{"line":55,"column":3}},"locations":[{"start":{"line":52,"column":27},"end":{"line":55,"column":3}}]},"18":{"type":"branch","line":56,"loc":{"start":{"line":56,"column":-1},"end":{"line":58,"column":15}},"locations":[{"start":{"line":56,"column":-1},"end":{"line":58,"column":15}}]},"19":{"type":"branch","line":58,"loc":{"start":{"line":58,"column":15},"end":{"line":60,"column":3}},"locations":[{"start":{"line":58,"column":15},"end":{"line":60,"column":3}}]},"20":{"type":"branch","line":61,"loc":{"start":{"line":61,"column":-1},"end":{"line":70,"column":20}},"locations":[{"start":{"line":61,"column":-1},"end":{"line":70,"column":20}}]},"21":{"type":"branch","line":70,"loc":{"start":{"line":70,"column":20},"end":{"line":98,"column":3}},"locations":[{"start":{"line":70,"column":20},"end":{"line":98,"column":3}}]},"22":{"type":"branch","line":75,"loc":{"start":{"line":75,"column":50},"end":{"line":77,"column":5}},"locations":[{"start":{"line":75,"column":50},"end":{"line":77,"column":5}}]},"23":{"type":"branch","line":79,"loc":{"start":{"line":79,"column":50},"end":{"line":82,"column":5}},"locations":[{"start":{"line":79,"column":50},"end":{"line":82,"column":5}}]},"24":{"type":"branch","line":83,"loc":{"start":{"line":83,"column":42},"end":{"line":90,"column":5}},"locations":[{"start":{"line":83,"column":42},"end":{"line":90,"column":5}}]},"25":{"type":"branch","line":84,"loc":{"start":{"line":84,"column":28},"end":{"line":86,"column":7}},"locations":[{"start":{"line":84,"column":28},"end":{"line":86,"column":7}}]},"26":{"type":"branch","line":87,"loc":{"start":{"line":87,"column":-1},"end":{"line":90,"column":5}},"locations":[{"start":{"line":87,"column":-1},"end":{"line":90,"column":5}}]},"27":{"type":"branch","line":92,"loc":{"start":{"line":92,"column":30},"end":{"line":92,"column":90}},"locations":[{"start":{"line":92,"column":30},"end":{"line":92,"column":90}}]},"28":{"type":"branch","line":92,"loc":{"start":{"line":92,"column":92},"end":{"line":94,"column":5}},"locations":[{"start":{"line":92,"column":92},"end":{"line":94,"column":5}}]},"29":{"type":"branch","line":99,"loc":{"start":{"line":99,"column":-1},"end":{"line":100,"column":1}},"locations":[{"start":{"line":99,"column":-1},"end":{"line":100,"column":1}}]},"30":{"type":"branch","line":25,"loc":{"start":{"line":25,"column":30},"end":{"line":25,"column":46}},"locations":[{"start":{"line":25,"column":30},"end":{"line":25,"column":46}}]},"31":{"type":"branch","line":30,"loc":{"start":{"line":30,"column":45},"end":{"line":30,"column":51}},"locations":[{"start":{"line":30,"column":45},"end":{"line":30,"column":51}}]}},"b":{"0":[55],"1":[1],"2":[54],"3":[1],"4":[53],"5":[1],"6":[52],"7":[1],"8":[51],"9":[1],"10":[50],"11":[0],"12":[50],"13":[700],"14":[50],"15":[176],"16":[50],"17":[157],"18":[50],"19":[10],"20":[50],"21":[10],"22":[66],"23":[66],"24":[168],"25":[3],"26":[165],"27":[11],"28":[1],"29":[50],"30":[257],"31":[60]},"fnMap":{"0":{"name":"baseConvert","decl":{"start":{"line":9,"column":0},"end":{"line":100,"column":1}},"loc":{"start":{"line":9,"column":0},"end":{"line":100,"column":1}},"line":9}},"f":{"0":55}}
}
