TN:
SF:src/array.is-unique.ts
FN:5,isUnique
FNF:1
FNH:1
FNDA:109,isUnique
DA:1,1
DA:2,1
DA:3,1
DA:4,1
DA:5,109
DA:6,109
DA:7,109
DA:8,1
DA:9,1
LF:9
LH:9
BRDA:5,0,0,109
BRF:1
BRH:1
end_of_record
TN:
SF:src/array.random-swap.ts
FN:11,randomSwap
FNF:1
FNH:1
FNDA:5,randomSwap
DA:1,1
DA:2,1
DA:3,1
DA:4,1
DA:5,1
DA:6,1
DA:7,1
DA:8,1
DA:9,1
DA:10,1
DA:11,5
DA:12,5
DA:13,2
DA:14,2
DA:15,5
DA:16,2
DA:17,2
DA:18,5
DA:19,2
DA:20,2
DA:21,3
DA:22,5
DA:23,18
DA:24,18
DA:25,18
DA:26,18
DA:27,3
DA:28,3
DA:29,1
DA:30,1
LF:30
LH:30
BRDA:11,0,0,5
BRDA:12,1,0,4
BRDA:12,2,0,2
BRDA:15,3,0,3
BRDA:15,4,0,2
BRDA:15,5,0,2
BRDA:18,6,0,3
BRDA:18,7,0,2
BRDA:18,8,0,2
BRDA:21,9,0,3
BRDA:22,10,0,18
BRDA:27,11,0,3
BRF:12
BRH:12
end_of_record
TN:
SF:src/array.random-vector2.ts
FN:9,randomVector2
FNF:1
FNH:1
FNDA:202,randomVector2
DA:1,1
DA:2,1
DA:3,1
DA:4,1
DA:5,1
DA:6,1
DA:7,1
DA:8,1
DA:9,202
DA:10,202
DA:11,1
DA:12,1
DA:13,202
DA:14,1
DA:15,1
DA:16,1
DA:17,1
DA:18,201
DA:19,201
DA:20,201
DA:21,201
DA:22,201
DA:23,201
DA:24,1
DA:25,1
LF:25
LH:25
BRDA:9,0,0,202
BRDA:10,1,0,1
BRDA:13,2,0,201
BRDA:13,3,0,1
BRDA:18,4,0,201
BRF:5
BRH:5
end_of_record
TN:
SF:src/array.swap.ts
FN:7,swap
FNF:1
FNH:1
FNDA:20,swap
DA:1,1
DA:2,1
DA:3,1
DA:4,1
DA:5,1
DA:6,1
DA:7,20
DA:8,20
DA:9,20
DA:10,20
DA:11,20
DA:12,20
DA:13,1
DA:14,1
LF:14
LH:14
BRDA:7,0,0,20
BRF:1
BRH:1
end_of_record
TN:
SF:src/bit-kit.big-endian.read.ts
FN:10,read
FNF:1
FNH:1
FNDA:3,read
DA:1,1
DA:2,1
DA:3,1
DA:4,1
DA:5,1
DA:6,1
DA:7,1
DA:8,1
DA:9,1
DA:10,3
DA:11,3
DA:12,3
DA:13,3
DA:14,3
DA:15,3
DA:16,3
DA:17,3
DA:18,4
DA:19,4
DA:20,4
DA:21,4
DA:22,4
DA:23,4
DA:24,4
DA:25,4
DA:26,1
DA:27,1
DA:28,1
DA:29,4
DA:30,4
DA:31,4
DA:32,4
DA:33,3
DA:34,3
DA:35,3
DA:36,1
DA:37,1
LF:37
LH:37
BRDA:10,0,0,3
BRDA:11,1,0,0
BRDA:17,2,0,4
BRDA:18,3,0,3
BRDA:18,4,0,1
BRDA:25,5,0,1
BRF:6
BRH:5
end_of_record
TN:
SF:src/bit-kit.big-endian.write.ts
FN:12,write
FNF:1
FNH:1
FNDA:3,write
DA:1,1
DA:2,1
DA:3,1
DA:4,1
DA:5,1
DA:6,1
DA:7,1
DA:8,1
DA:9,1
DA:10,1
DA:11,1
DA:12,3
DA:13,3
DA:14,3
DA:15,3
DA:16,3
DA:17,3
DA:18,3
DA:19,4
DA:20,4
DA:21,4
DA:22,4
DA:23,4
DA:24,4
DA:25,4
DA:26,4
DA:27,4
DA:28,4
DA:29,1
DA:30,1
DA:31,1
DA:32,4
DA:33,3
DA:34,3
DA:35,3
DA:36,1
DA:37,1
LF:37
LH:37
BRDA:12,0,0,3
BRDA:13,1,0,2
BRDA:18,2,0,4
BRDA:19,3,0,3
BRDA:19,4,0,1
BRDA:28,5,0,1
BRF:6
BRH:6
end_of_record
TN:
SF:src/bit-kit.get-bit-length-of-number.ts
FN:6,getBitLengthOfNumber
FNF:1
FNH:1
FNDA:4,getBitLengthOfNumber
DA:1,1
DA:2,1
DA:3,1
DA:4,1
DA:5,1
DA:6,4
DA:7,4
DA:8,4
DA:9,17
DA:10,17
DA:11,4
DA:12,4
DA:13,4
DA:14,4
DA:15,1
DA:16,1
LF:16
LH:16
BRDA:6,0,0,4
BRDA:8,1,0,17
BRF:2
BRH:2
end_of_record
TN:
SF:src/bit-kit.get-bits.ts
FN:7,getBits
FNF:1
FNH:1
FNDA:8,getBits
DA:1,1
DA:2,1
DA:3,1
DA:4,1
DA:5,1
DA:6,1
DA:7,8
DA:8,8
DA:9,8
DA:10,1
DA:11,1
LF:11
LH:11
BRDA:7,0,0,8
BRF:1
BRH:1
end_of_record
TN:
SF:src/bit-kit.get.ts
FN:9,get
FNF:1
FNH:1
FNDA:5011576,get
DA:1,1
DA:2,1
DA:3,1
DA:4,1
DA:5,1
DA:6,1
DA:7,1
DA:8,1
DA:9,5011576
DA:10,5011576
DA:11,5011576
DA:12,5011576
DA:13,5011576
DA:14,5011576
DA:15,5011576
DA:16,5011576
DA:17,6614314
DA:18,6614314
DA:19,6614314
DA:20,6614314
DA:21,6614314
DA:22,6614314
DA:23,1602738
DA:24,1602738
DA:25,6614314
DA:26,6614314
DA:27,6614314
DA:28,6614314
DA:29,6614314
DA:30,6614314
DA:31,6614314
DA:32,5011576
DA:33,5011576
DA:34,1
DA:35,1
LF:35
LH:35
BRDA:9,0,0,5011576
BRDA:10,1,0,279
BRDA:16,2,0,6614314
BRDA:20,3,0,1602738
BRDA:20,4,0,5011576
BRDA:22,5,0,1602738
BRF:6
BRH:6
end_of_record
TN:
SF:src/bit-kit.little-endian.read.ts
FN:10,read
FNF:1
FNH:1
FNDA:3,read
DA:1,1
DA:2,1
DA:3,1
DA:4,1
DA:5,1
DA:6,1
DA:7,1
DA:8,1
DA:9,1
DA:10,3
DA:11,3
DA:12,3
DA:13,3
DA:14,3
DA:15,3
DA:16,3
DA:17,3
DA:18,3
DA:19,4
DA:20,4
DA:21,4
DA:22,4
DA:23,4
DA:24,4
DA:25,4
DA:26,4
DA:27,1
DA:28,1
DA:29,1
DA:30,4
DA:31,4
DA:32,4
DA:33,3
DA:34,3
DA:35,3
DA:36,1
DA:37,1
LF:37
LH:37
BRDA:10,0,0,3
BRDA:11,1,0,0
BRDA:18,2,0,4
BRDA:19,3,0,3
BRDA:19,4,0,1
BRDA:26,5,0,1
BRF:6
BRH:5
end_of_record
TN:
SF:src/bit-kit.little-endian.write.ts
FN:12,write
FNF:1
FNH:1
FNDA:3,write
DA:1,1
DA:2,1
DA:3,1
DA:4,1
DA:5,1
DA:6,1
DA:7,1
DA:8,1
DA:9,1
DA:10,1
DA:11,1
DA:12,3
DA:13,3
DA:14,3
DA:15,3
DA:16,3
DA:17,3
DA:18,3
DA:19,4
DA:20,4
DA:21,4
DA:22,4
DA:23,4
DA:24,4
DA:25,4
DA:26,4
DA:27,4
DA:28,4
DA:29,4
DA:30,1
DA:31,1
DA:32,1
DA:33,4
DA:34,3
DA:35,3
DA:36,3
DA:37,1
DA:38,1
LF:38
LH:38
BRDA:12,0,0,3
BRDA:13,1,0,2
BRDA:18,2,0,4
BRDA:19,3,0,3
BRDA:19,4,0,1
BRDA:29,5,0,1
BRF:6
BRH:6
end_of_record
TN:
SF:src/bit-kit.put.ts
FN:12,put
FNF:1
FNH:1
FNDA:857160,put
DA:1,1
DA:2,1
DA:3,1
DA:4,1
DA:5,1
DA:6,1
DA:7,1
DA:8,1
DA:9,1
DA:10,1
DA:11,1
DA:12,857160
DA:13,857160
DA:14,857160
DA:15,857160
DA:16,857160
DA:17,857160
DA:18,857160
DA:19,1376702
DA:20,1376702
DA:21,1376702
DA:22,1376702
DA:23,1376702
DA:24,1376702
DA:25,1376702
DA:26,1376702
DA:27,1376702
DA:28,1376702
DA:29,1376702
DA:30,1376702
DA:31,1376702
DA:32,857160
DA:33,857160
DA:34,1
DA:35,1
LF:35
LH:35
BRDA:12,0,0,857160
BRDA:13,1,0,0
BRDA:18,2,0,1376702
BRDA:22,3,0,857160
BRDA:22,4,0,519542
BRF:5
BRH:4
end_of_record
TN:
SF:src/bit-kit.reverse.ts
FN:7,reverse
FNF:1
FNH:1
FNDA:1,reverse
DA:1,1
DA:2,1
DA:3,1
DA:4,1
DA:5,1
DA:6,1
DA:7,1
DA:8,1
DA:9,1
DA:10,4
DA:11,4
DA:12,4
DA:13,4
DA:14,1
DA:15,1
DA:16,1
DA:17,1
LF:17
LH:17
BRDA:7,0,0,1
BRDA:9,1,0,4
BRF:2
BRH:2
end_of_record
TN:
SF:src/bit-kit.set-bits.ts
FN:8,setBits
FNF:1
FNH:1
FNDA:8,setBits
DA:1,1
DA:2,1
DA:3,1
DA:4,1
DA:5,1
DA:6,1
DA:7,1
DA:8,8
DA:9,8
DA:10,8
DA:11,1
DA:12,1
LF:12
LH:12
BRDA:8,0,0,8
BRF:1
BRH:1
end_of_record
TN:
SF:src/common.get-type-name.ts
FN:10,getTypeName
FNF:1
FNH:1
FNDA:34,getTypeName
DA:1,1
DA:2,1
DA:3,1
DA:4,1
DA:5,1
DA:6,1
DA:7,1
DA:8,1
DA:9,1
DA:10,34
DA:11,34
DA:12,34
DA:13,2
DA:14,2
DA:15,34
DA:16,34
DA:17,1
DA:18,1
LF:18
LH:18
BRDA:10,0,0,34
BRDA:12,1,0,2
BRF:2
BRH:2
end_of_record
TN:
SF:src/common.temperature-convert.ts
FN:8,temperatueConvert
FNF:1
FNH:1
FNDA:14,temperatueConvert
DA:1,1
DA:2,1
DA:3,1
DA:4,1
DA:5,1
DA:6,1
DA:7,1
DA:8,14
DA:9,14
DA:10,14
DA:11,14
DA:12,14
DA:13,14
DA:14,14
DA:15,14
DA:16,14
DA:17,14
DA:18,2
DA:19,2
DA:20,14
DA:21,2
DA:22,2
DA:23,14
DA:24,2
DA:25,2
DA:26,14
DA:27,2
DA:28,2
DA:29,14
DA:30,2
DA:31,2
DA:32,14
DA:33,2
DA:34,2
DA:35,14
DA:36,14
DA:37,14
DA:38,1
DA:39,1
LF:39
LH:39
BRDA:8,0,0,14
BRDA:17,1,0,2
BRDA:20,2,0,2
BRDA:23,3,0,2
BRDA:26,4,0,2
BRDA:29,5,0,2
BRDA:32,6,0,2
BRF:7
BRH:7
end_of_record
TN:
SF:src/compress.huffman.build-table.ts
FN:9,buildTable
FN:16,getChildTrie
FNF:2
FNH:2
FNDA:2,buildTable
FNDA:558,getChildTrie
DA:1,1
DA:2,1
DA:3,1
DA:4,1
DA:5,1
DA:6,1
DA:7,1
DA:8,1
DA:9,2
DA:10,2
DA:11,2
DA:12,2
DA:13,2
DA:14,2
DA:15,2
DA:16,2
DA:17,558
DA:18,280
DA:19,280
DA:20,280
DA:21,280
DA:22,280
DA:23,280
DA:24,278
DA:25,278
DA:26,278
DA:27,278
DA:28,278
DA:29,278
DA:30,558
DA:31,2
DA:32,1
DA:33,1
LF:33
LH:33
BRDA:9,0,0,2
BRDA:16,1,0,558
BRDA:17,2,0,280
BRDA:17,3,0,280
BRDA:24,4,0,278
BRF:5
BRH:5
end_of_record
TN:
SF:src/compress.huffman.build-trie-from-table.ts
FN:11,buildTrieFromTable
FN:14,build
FNF:2
FNH:2
FNDA:1,buildTrieFromTable
FNDA:279,build
DA:1,1
DA:2,1
DA:3,1
DA:4,1
DA:5,1
DA:6,1
DA:7,1
DA:8,1
DA:9,1
DA:10,1
DA:11,1
DA:12,1
DA:13,1
DA:14,1
DA:15,279
DA:16,279
DA:17,279
DA:18,279
DA:19,279
DA:20,140
DA:21,140
DA:22,140
DA:23,140
DA:24,139
DA:25,139
DA:26,139
DA:27,139
DA:28,139
DA:29,139
DA:30,1
DA:31,1
DA:32,1
LF:32
LH:32
BRDA:11,0,0,1
BRDA:14,1,0,279
BRDA:19,2,0,140
BRDA:24,3,0,139
BRF:4
BRH:4
end_of_record
TN:
SF:src/compress.huffman.build-trie.ts
FN:8,buildTrie
FNF:1
FNH:1
FNDA:1,buildTrie
DA:1,1
DA:2,1
DA:3,1
DA:4,1
DA:5,1
DA:6,1
DA:7,1
DA:8,1
DA:9,1
DA:10,139
DA:11,139
DA:12,139
DA:13,139
DA:14,139
DA:15,139
DA:16,139
DA:17,139
DA:18,139
DA:19,139
DA:20,139
DA:21,139
DA:22,42
DA:23,139
DA:24,14
DA:25,14
DA:26,14
DA:27,14
DA:28,139
DA:29,139
DA:30,139
DA:31,139
DA:32,139
DA:33,139
DA:34,139
DA:35,1
DA:36,1
DA:37,1
DA:38,1
LF:38
LH:38
BRDA:8,0,0,1
BRDA:9,1,0,139
BRDA:20,2,0,73
BRDA:21,3,0,42
BRDA:23,4,0,14
BRDA:31,5,0,66
BRDA:31,6,0,74
BRDA:11,7,0,11311
BRF:8
BRH:8
end_of_record
TN:
SF:src/compress.huffman.decode.ts
FN:11,decode
FNF:1
FNH:1
FNDA:1,decode
DA:1,1
DA:2,1
DA:3,1
DA:4,1
DA:5,1
DA:6,1
DA:7,1
DA:8,1
DA:9,1
DA:10,1
DA:11,1
DA:12,1
DA:13,0
DA:14,0
DA:15,1
DA:16,1
DA:17,1
DA:18,1
DA:19,1
DA:20,1
DA:21,1
DA:22,1
DA:23,1
DA:24,1
DA:25,256
DA:26,140
DA:27,140
DA:28,256
DA:29,1
DA:30,1
DA:31,1
DA:32,1
DA:33,4
DA:34,2
DA:35,2
DA:36,4
DA:37,4
DA:38,1
DA:39,1
DA:40,1
DA:41,1
DA:42,1
DA:43,1
DA:44,1
DA:45,1
DA:46,1
DA:47,1
DA:48,856741
DA:49,856741
DA:50,856741
DA:51,856741
DA:52,5011157
DA:53,5011157
DA:54,5011157
DA:55,5011157
DA:56,0
DA:57,0
DA:58,5011157
DA:59,856741
DA:60,856741
DA:61,856741
DA:62,856741
DA:63,1
DA:64,1
DA:65,1
DA:66,1
LF:66
LH:62
BRDA:11,0,0,1
BRDA:12,1,0,0
BRDA:24,2,0,256
BRDA:25,3,0,140
BRDA:32,4,0,4
BRDA:33,5,0,2
BRDA:47,6,0,856741
BRDA:51,7,0,5011157
BRDA:55,8,0,0
BRF:9
BRH:7
end_of_record
TN:
SF:src/compress.huffman.encode.ts
FN:12,encode
FNF:1
FNH:1
FNDA:1,encode
DA:1,1
DA:2,1
DA:3,1
DA:4,1
DA:5,1
DA:6,1
DA:7,1
DA:8,1
DA:9,1
DA:10,1
DA:11,1
DA:12,1
DA:13,1
DA:14,0
DA:15,0
DA:16,1
DA:17,1
DA:18,1
DA:19,1
DA:20,1
DA:21,856741
DA:22,856741
DA:23,1
DA:24,1
DA:25,256
DA:26,256
DA:27,256
DA:28,256
DA:29,1
DA:30,1
DA:31,1
DA:32,1
DA:33,1
DA:34,1
DA:35,1
DA:36,1
DA:37,1
DA:38,4
DA:39,4
DA:40,1
DA:41,1
DA:42,856741
DA:43,856741
DA:44,0
DA:45,0
DA:46,0
DA:47,0
DA:48,856741
DA:49,856741
DA:50,1
DA:51,1
DA:52,1
DA:53,1
DA:54,1
DA:55,1
DA:56,1
DA:57,1
DA:58,1
DA:59,1
DA:60,1
DA:61,1
LF:61
LH:55
BRDA:12,0,0,1
BRDA:13,1,0,0
BRDA:20,2,0,856741
BRDA:37,3,0,4
BRDA:41,4,0,856741
BRDA:43,5,0,0
BRDA:24,6,0,256
BRDA:30,7,0,256
BRF:8
BRH:6
end_of_record
TN:
SF:src/compress.huffman.save-table.ts
FN:10,saveTable
FN:25,recursive
FNF:2
FNH:2
FNDA:1,saveTable
FNDA:279,recursive
DA:1,1
DA:2,1
DA:3,1
DA:4,1
DA:5,1
DA:6,1
DA:7,1
DA:8,1
DA:9,1
DA:10,1
DA:11,1
DA:12,1
DA:13,1
DA:14,1
DA:15,1
DA:16,1
DA:17,1
DA:18,1
DA:19,1
DA:20,1
DA:21,1
DA:22,1
DA:23,1
DA:24,1
DA:25,1
DA:26,279
DA:27,279
DA:28,139
DA:29,279
DA:30,140
DA:31,140
DA:32,140
DA:33,140
DA:34,140
DA:35,139
DA:36,139
DA:37,139
DA:38,139
DA:39,139
DA:40,139
DA:41,139
DA:42,139
DA:43,279
DA:44,1
DA:45,1
DA:46,1
LF:46
LH:46
BRDA:10,0,0,1
BRDA:25,1,0,279
BRDA:27,2,0,139
BRDA:29,3,0,140
BRDA:35,4,0,139
BRF:5
BRH:5
end_of_record
TN:
SF:src/graphic.random-scatter.ts
FN:11,randomScatter
FNF:1
FNH:1
FNDA:1,randomScatter
DA:1,1
DA:2,1
DA:3,1
DA:4,1
DA:5,1
DA:6,1
DA:7,1
DA:8,1
DA:9,1
DA:10,1
DA:11,1
DA:12,1
DA:13,1
DA:14,1
DA:15,100
DA:16,100
DA:17,1
DA:18,1
DA:19,1
DA:20,1
DA:21,1
DA:22,1
DA:23,1
DA:24,1
DA:25,1
DA:26,1
DA:27,1
DA:28,1
LF:28
LH:28
BRDA:11,0,0,1
BRDA:14,1,0,100
BRF:2
BRH:2
end_of_record
TN:
SF:src/graphic.vector2-mapping.ts
FN:10,vector2Mapping
FNF:1
FNH:1
FNDA:1,vector2Mapping
DA:1,1
DA:2,1
DA:3,1
DA:4,1
DA:5,1
DA:6,1
DA:7,1
DA:8,1
DA:9,1
DA:10,1
DA:11,1
DA:12,1
DA:13,1
DA:14,1
DA:15,1
DA:16,1
DA:17,1
DA:18,1
DA:19,1
DA:20,1
DA:21,100
DA:22,100
DA:23,100
DA:24,100
DA:25,100
DA:26,100
DA:27,100
DA:28,100
DA:29,1
DA:30,1
DA:31,1
DA:32,1
DA:33,1
LF:33
LH:33
BRDA:10,0,0,1
BRDA:20,1,0,100
BRF:2
BRH:2
end_of_record
TN:
SF:src/number.base-convert.ts
FN:9,baseConvert
FNF:1
FNH:1
FNDA:55,baseConvert
DA:1,1
DA:2,1
DA:3,1
DA:4,1
DA:5,1
DA:6,1
DA:7,1
DA:8,1
DA:9,55
DA:10,55
DA:11,55
DA:12,55
DA:13,55
DA:14,55
DA:15,55
DA:16,55
DA:17,1
DA:18,1
DA:19,55
DA:20,1
DA:21,1
DA:22,55
DA:23,1
DA:24,1
DA:25,52
DA:26,52
DA:27,55
DA:28,1
DA:29,1
DA:30,55
DA:31,1
DA:32,1
DA:33,50
DA:34,50
DA:35,50
DA:36,55
DA:37,50
DA:38,50
DA:39,50
DA:40,50
DA:41,50
DA:42,50
DA:43,55
DA:44,700
DA:45,700
DA:46,50
DA:47,50
DA:48,50
DA:49,50
DA:50,50
DA:51,50
DA:52,50
DA:53,55
DA:54,176
DA:55,176
DA:56,176
DA:57,55
DA:58,157
DA:59,157
DA:60,157
DA:61,50
DA:62,50
DA:63,55
DA:64,10
DA:65,10
DA:66,50
DA:67,50
DA:68,50
DA:69,50
DA:70,50
DA:71,50
DA:72,50
DA:73,50
DA:74,50
DA:75,55
DA:76,10
DA:77,10
DA:78,10
DA:79,10
DA:80,10
DA:81,66
DA:82,66
DA:83,10
DA:84,10
DA:85,66
DA:86,66
DA:87,66
DA:88,10
DA:89,168
DA:90,3
DA:91,3
DA:92,165
DA:93,165
DA:94,165
DA:95,165
DA:96,10
DA:97,10
DA:98,1
DA:99,1
DA:100,10
DA:101,10
DA:102,10
DA:103,10
DA:104,50
DA:105,50
DA:106,1
DA:107,1
LF:107
LH:107
BRDA:9,0,0,55
BRDA:16,1,0,1
BRDA:19,2,0,54
BRDA:19,3,0,1
BRDA:22,4,0,53
BRDA:22,5,0,1
BRDA:25,6,0,52
BRDA:27,7,0,1
BRDA:30,8,0,51
BRDA:30,9,0,1
BRDA:33,10,0,50
BRDA:36,11,0,0
BRDA:37,12,0,50
BRDA:43,13,0,700
BRDA:46,14,0,50
BRDA:53,15,0,176
BRDA:57,16,0,50
BRDA:57,17,0,157
BRDA:61,18,0,50
BRDA:63,19,0,10
BRDA:66,20,0,50
BRDA:75,21,0,10
BRDA:80,22,0,66
BRDA:84,23,0,66
BRDA:88,24,0,168
BRDA:89,25,0,3
BRDA:92,26,0,165
BRDA:97,27,0,11
BRDA:97,28,0,1
BRDA:104,29,0,50
BRDA:30,30,0,257
BRDA:35,31,0,60
BRF:32
BRH:31
end_of_record
TN:
SF:src/number.random-range.ts
FN:6,randomRange
FNF:1
FNH:1
FNDA:502,randomRange
DA:1,1
DA:2,1
DA:3,1
DA:4,1
DA:5,1
DA:6,502
DA:7,502
DA:8,502
DA:9,1
DA:10,1
LF:10
LH:10
BRDA:6,0,0,502
BRF:1
BRH:1
end_of_record
TN:
SF:src/string.camelize.ts
FN:6,camelize
FNF:1
FNH:1
FNDA:2,camelize
DA:1,1
DA:2,1
DA:3,1
DA:4,1
DA:5,1
DA:6,2
DA:7,2
DA:8,2
DA:9,1
DA:10,1
LF:10
LH:10
BRDA:6,0,0,2
BRDA:7,1,0,5
BRDA:7,2,0,0
BRF:3
BRH:2
end_of_record
TN:
SF:src/string.hyphenate.ts
FN:6,hyphenate
FNF:1
FNH:1
FNDA:1,hyphenate
DA:1,1
DA:2,1
DA:3,1
DA:4,1
DA:5,1
DA:6,1
DA:7,1
DA:8,1
DA:9,1
DA:10,1
LF:10
LH:10
BRDA:6,0,0,1
BRF:1
BRH:1
end_of_record
TN:
SF:src/tree.flat.ts
FN:10,flat
FN:29,f1
FN:42,f2
FNF:3
FNH:3
FNDA:2,flat
FNDA:1,f1
FNDA:3,f2
DA:1,1
DA:2,1
DA:3,1
DA:4,1
DA:5,1
DA:6,1
DA:7,1
DA:8,1
DA:9,1
DA:10,2
DA:11,2
DA:12,2
DA:13,2
DA:14,2
DA:15,2
DA:16,2
DA:17,2
DA:18,2
DA:19,1
DA:20,1
DA:21,1
DA:22,1
DA:23,2
DA:24,2
DA:25,2
DA:26,2
DA:27,2
DA:28,2
DA:29,2
DA:30,1
DA:31,5
DA:32,5
DA:33,5
DA:34,2
DA:35,2
DA:36,5
DA:37,1
DA:38,2
DA:39,2
DA:40,2
DA:41,2
DA:42,2
DA:43,3
DA:44,5
DA:45,5
DA:46,2
DA:47,2
DA:48,5
DA:49,3
DA:50,2
DA:51,1
DA:52,1
LF:52
LH:52
BRDA:10,0,0,2
BRDA:18,1,0,1
BRDA:29,2,0,1
BRDA:30,3,0,5
BRDA:33,4,0,2
BRDA:42,5,0,3
BRDA:43,6,0,5
BRDA:45,7,0,2
BRF:8
BRH:8
end_of_record
