TN:
SF:src/array.random-swap.ts
FN:11,randomSwap
FNF:1
FNH:1
FNDA:5,randomSwap
DA:1,1
DA:2,1
DA:3,1
DA:4,1
DA:5,1
DA:6,1
DA:7,1
DA:8,1
DA:9,1
DA:10,1
DA:11,5
DA:12,5
DA:13,2
DA:14,2
DA:15,5
DA:16,2
DA:17,2
DA:18,5
DA:19,2
DA:20,2
DA:21,3
DA:22,5
DA:23,18
DA:24,18
DA:25,18
DA:26,18
DA:27,3
DA:28,3
DA:29,1
DA:30,1
LF:30
LH:30
BRDA:11,0,0,5
BRDA:12,1,0,4
BRDA:12,2,0,2
BRDA:15,3,0,3
BRDA:15,4,0,2
BRDA:15,5,0,2
BRDA:18,6,0,3
BRDA:18,7,0,2
BRDA:18,8,0,2
BRDA:21,9,0,3
BRDA:22,10,0,18
BRDA:27,11,0,3
BRF:12
BRH:12
end_of_record
TN:
SF:src/array.swap.ts
FN:7,swap
FNF:1
FNH:1
FNDA:20,swap
DA:1,1
DA:2,1
DA:3,1
DA:4,1
DA:5,1
DA:6,1
DA:7,20
DA:8,20
DA:9,20
DA:10,20
DA:11,20
DA:12,20
DA:13,1
DA:14,1
LF:14
LH:14
BRDA:7,0,0,20
BRF:1
BRH:1
end_of_record
TN:
SF:src/common.get-type-name.ts
FN:10,getTypeName
FNF:1
FNH:1
FNDA:32,getTypeName
DA:1,1
DA:2,1
DA:3,1
DA:4,1
DA:5,1
DA:6,1
DA:7,1
DA:8,1
DA:9,1
DA:10,32
DA:11,32
DA:12,32
DA:13,2
DA:14,2
DA:15,32
DA:16,32
DA:17,1
DA:18,1
LF:18
LH:18
BRDA:10,0,0,32
BRDA:12,1,0,2
BRF:2
BRH:2
end_of_record
TN:
SF:src/string.camelize.ts
FN:6,camelize
FNF:1
FNH:1
FNDA:2,camelize
DA:1,1
DA:2,1
DA:3,1
DA:4,1
DA:5,1
DA:6,2
DA:7,2
DA:8,2
DA:9,1
DA:10,1
LF:10
LH:10
BRDA:6,0,0,2
BRDA:7,1,0,5
BRDA:7,2,0,0
BRF:3
BRH:2
end_of_record
TN:
SF:src/string.hyphenate.ts
FN:6,hyphenate
FNF:1
FNH:1
FNDA:1,hyphenate
DA:1,1
DA:2,1
DA:3,1
DA:4,1
DA:5,1
DA:6,1
DA:7,1
DA:8,1
DA:9,1
DA:10,1
LF:10
LH:10
BRDA:6,0,0,1
BRF:1
BRH:1
end_of_record
